[0513/123953.390:ERROR:process_memory_win.cc(73)] ReadMemory at 0x7ff6133e0000 of 64 bytes failed: Only part of a ReadProcessMemory or WriteProcessMemory request was completed. (0x12B)
[0513/123953.459:WARNING:pe_image_reader.cc(340)] could not read dos header from C:\Program Files (x86)\Google\Chrome\Application\chrome.exe
[0513/123953.459:ERROR:process_memory_win.cc(73)] ReadMemory at 0x7ffe945f0000 of 64 bytes failed: Only part of a ReadProcessMemory or WriteProcessMemory request was completed. (0x12B)
[0513/123953.459:WARNING:pe_image_reader.cc(340)] could not read dos header from C:\WINDOWS\SYSTEM32\ntdll.dll
[0513/123953.459:ERROR:process_memory_win.cc(73)] ReadMemory at 0x7ffe92700000 of 64 bytes failed: Only part of a ReadProcessMemory or WriteProcessMemory request was completed. (0x12B)
[0513/123953.459:WARNING:pe_image_reader.cc(340)] could not read dos header from C:\WINDOWS\System32\KERNEL32.DLL
[0513/123953.459:ERROR:process_memory_win.cc(73)] ReadMemory at 0x7ffe910c0000 of 64 bytes failed: Only part of a ReadProcessMemory or WriteProcessMemory request was completed. (0x12B)
[0513/123953.459:WARNING:pe_image_reader.cc(340)] could not read dos header from C:\WINDOWS\System32\KERNELBASE.dll
[0513/123953.459:ERROR:process_memory_win.cc(73)] ReadMemory at 0x7ffe86a50000 of 64 bytes failed: Only part of a ReadProcessMemory or WriteProcessMemory request was completed. (0x12B)
[0513/123953.459:WARNING:pe_image_reader.cc(340)] could not read dos header from C:\Program Files (x86)\Google\Chrome\Application\81.0.4044.138\chrome_elf.dll
[0513/123953.459:ERROR:process_memory_win.cc(73)] ReadMemory at 0x7ffe83940000 of 64 bytes failed: Only part of a ReadProcessMemory or WriteProcessMemory request was completed. (0x12B)
[0513/123953.459:WARNING:pe_image_reader.cc(340)] could not read dos header from C:\WINDOWS\SYSTEM32\VERSION.dll
[0513/123953.459:ERROR:process_memory_win.cc(73)] ReadMemory at 0x7ffe92070000 of 64 bytes failed: Only part of a ReadProcessMemory or WriteProcessMemory request was completed. (0x12B)
[0513/123953.459:WARNING:pe_image_reader.cc(340)] could not read dos header from C:\WINDOWS\System32\msvcrt.dll
[0513/123953.459:ERROR:process_memory_win.cc(73)] ReadMemory at 0x7ffe91540000 of 64 bytes failed: Only part of a ReadProcessMemory or WriteProcessMemory request was completed. (0x12B)
[0513/123953.459:WARNING:pe_image_reader.cc(340)] could not read dos header from C:\WINDOWS\System32\bcryptPrimitives.dll
[0513/123953.459:ERROR:process_memory_win.cc(73)] ReadMemory at 0x7ffe94280000 of 64 bytes failed: Only part of a ReadProcessMemory or WriteProcessMemory request was completed. (0x12B)
[0513/123953.459:WARNING:pe_image_reader.cc(340)] could not read dos header from C:\WINDOWS\System32\ADVAPI32.dll
[0513/123953.459:ERROR:process_memory_win.cc(73)] ReadMemory at 0x7ffe943d0000 of 64 bytes failed: Only part of a ReadProcessMemory or WriteProcessMemory request was completed. (0x12B)
[0513/123953.459:WARNING:pe_image_reader.cc(340)] could not read dos header from C:\WINDOWS\System32\sechost.dll
[0513/123953.459:ERROR:process_memory_win.cc(73)] ReadMemory at 0x7ffe922a0000 of 64 bytes failed: Only part of a ReadProcessMemory or WriteProcessMemory request was completed. (0x12B)
[0513/123953.459:WARNING:pe_image_reader.cc(340)] could not read dos header from C:\WINDOWS\System32\RPCRT4.dll
[0513/123953.459:ERROR:process_memory_win.cc(73)] ReadMemory at 0x7ffe46fb0000 of 64 bytes failed: Only part of a ReadProcessMemory or WriteProcessMemory request was completed. (0x12B)
[0513/123953.459:WARNING:pe_image_reader.cc(340)] could not read dos header from C:\Program Files (x86)\Google\Chrome\Application\81.0.4044.138\chrome.dll
[0513/123953.459:ERROR:process_memory_win.cc(73)] ReadMemory at 0x7ffe94360000 of 64 bytes failed: Only part of a ReadProcessMemory or WriteProcessMemory request was completed. (0x12B)
[0513/123953.459:WARNING:pe_image_reader.cc(340)] could not read dos header from C:\WINDOWS\System32\WS2_32.dll
[0513/123953.459:ERROR:process_memory_win.cc(73)] ReadMemory at 0x7ffe940f0000 of 64 bytes failed: Only part of a ReadProcessMemory or WriteProcessMemory request was completed. (0x12B)
[0513/123953.459:WARNING:pe_image_reader.cc(340)] could not read dos header from C:\WINDOWS\System32\OLEAUT32.dll
[0513/123953.459:ERROR:process_memory_win.cc(73)] ReadMemory at 0x7ffe919d0000 of 64 bytes failed: Only part of a ReadProcessMemory or WriteProcessMemory request was completed. (0x12B)
[0513/123953.459:WARNING:pe_image_reader.cc(340)] could not read dos header from C:\WINDOWS\System32\msvcp_win.dll
[0513/123953.459:ERROR:process_memory_win.cc(73)] ReadMemory at 0x7ffe916e0000 of 64 bytes failed: Only part of a ReadProcessMemory or WriteProcessMemory request was completed. (0x12B)
[0513/123953.459:WARNING:pe_image_reader.cc(340)] could not read dos header from C:\WINDOWS\System32\ucrtbase.dll
[0513/123953.459:ERROR:process_memory_win.cc(73)] ReadMemory at 0x7ffe923d0000 of 64 bytes failed: Only part of a ReadProcessMemory or WriteProcessMemory request was completed. (0x12B)
[0513/123953.459:WARNING:pe_image_reader.cc(340)] could not read dos header from C:\WINDOWS\System32\combase.dll
[0513/123953.459:ERROR:process_memory_win.cc(73)] ReadMemory at 0x7ffe914e0000 of 64 bytes failed: Only part of a ReadProcessMemory or WriteProcessMemory request was completed. (0x12B)
[0513/123953.459:WARNING:pe_image_reader.cc(340)] could not read dos header from C:\WINDOWS\System32\WINTRUST.dll
[0513/123953.459:ERROR:process_memory_win.cc(73)] ReadMemory at 0x7ffe90970000 of 64 bytes failed: Only part of a ReadProcessMemory or WriteProcessMemory request was completed. (0x12B)
[0513/123953.459:WARNING:pe_image_reader.cc(340)] could not read dos header from C:\WINDOWS\System32\MSASN1.dll
[0513/123953.459:ERROR:process_memory_win.cc(73)] ReadMemory at 0x7ffe917e0000 of 64 bytes failed: Only part of a ReadProcessMemory or WriteProcessMemory request was completed. (0x12B)
[0513/123953.459:WARNING:pe_image_reader.cc(340)] could not read dos header from C:\WINDOWS\System32\CRYPT32.dll
[0513/123953.459:ERROR:process_memory_win.cc(73)] ReadMemory at 0x7ffe8fe60000 of 64 bytes failed: Only part of a ReadProcessMemory or WriteProcessMemory request was completed. (0x12B)
[0513/123953.459:WARNING:pe_image_reader.cc(340)] could not read dos header from C:\WINDOWS\SYSTEM32\IPHLPAPI.DLL
[0513/123953.459:ERROR:process_memory_win.cc(73)] ReadMemory at 0x7ffe8df80000 of 64 bytes failed: Only part of a ReadProcessMemory or WriteProcessMemory request was completed. (0x12B)
[0513/123953.459:WARNING:pe_image_reader.cc(340)] could not read dos header from C:\WINDOWS\SYSTEM32\WINMM.dll
[0513/123953.459:ERROR:process_memory_win.cc(73)] ReadMemory at 0x7ffe837b0000 of 64 bytes failed: Only part of a ReadProcessMemory or WriteProcessMemory request was completed. (0x12B)
[0513/123953.459:WARNING:pe_image_reader.cc(340)] could not read dos header from C:\WINDOWS\SYSTEM32\Secur32.dll
[0513/123953.459:ERROR:process_memory_win.cc(73)] ReadMemory at 0x7ffe907f0000 of 64 bytes failed: Only part of a ReadProcessMemory or WriteProcessMemory request was completed. (0x12B)
[0513/123953.459:WARNING:pe_image_reader.cc(340)] could not read dos header from C:\WINDOWS\SYSTEM32\USERENV.dll
[0513/123953.459:ERROR:process_memory_win.cc(73)] ReadMemory at 0x7ffe908f0000 of 64 bytes failed: Only part of a ReadProcessMemory or WriteProcessMemory request was completed. (0x12B)
[0513/123953.459:WARNING:pe_image_reader.cc(340)] could not read dos header from C:\WINDOWS\System32\profapi.dll
[0513/123953.459:ERROR:process_memory_win.cc(73)] ReadMemory at 0x7ffe70e50000 of 64 bytes failed: Only part of a ReadProcessMemory or WriteProcessMemory request was completed. (0x12B)
[0513/123953.459:WARNING:pe_image_reader.cc(340)] could not read dos header from C:\WINDOWS\SYSTEM32\UIAutomationCore.DLL
[0513/123953.459:ERROR:process_memory_win.cc(73)] ReadMemory at 0x7ffe7a5a0000 of 64 bytes failed: Only part of a ReadProcessMemory or WriteProcessMemory request was completed. (0x12B)
[0513/123953.459:WARNING:pe_image_reader.cc(340)] could not read dos header from C:\WINDOWS\SYSTEM32\DWrite.dll
[0513/123953.459:ERROR:process_memory_win.cc(73)] ReadMemory at 0x7ffe88a60000 of 64 bytes failed: Only part of a ReadProcessMemory or WriteProcessMemory request was completed. (0x12B)
[0513/123953.459:WARNING:pe_image_reader.cc(340)] could not read dos header from C:\WINDOWS\SYSTEM32\WINSPOOL.DRV
[0513/123953.459:ERROR:process_memory_win.cc(73)] ReadMemory at 0x7ffe90990000 of 64 bytes failed: Only part of a ReadProcessMemory or WriteProcessMemory request was completed. (0x12B)
[0513/123953.459:WARNING:pe_image_reader.cc(340)] could not read dos header from C:\WINDOWS\System32\kernel.appcore.dll
[0513/123953.459:ERROR:process_memory_win.cc(73)] ReadMemory at 0x7ffe8f320000 of 64 bytes failed: Only part of a ReadProcessMemory or WriteProcessMemory request was completed. (0x12B)
[0513/123953.459:WARNING:pe_image_reader.cc(340)] could not read dos header from C:\WINDOWS\SYSTEM32\dbghelp.dll
[0513/123953.459:ERROR:process_memory_win.cc(73)] ReadMemory at 0x7ffe8bc90000 of 64 bytes failed: Only part of a ReadProcessMemory or WriteProcessMemory request was completed. (0x12B)
[0513/123953.459:WARNING:pe_image_reader.cc(340)] could not read dos header from C:\WINDOWS\SYSTEM32\WINHTTP.dll
[0513/123953.459:ERROR:process_memory_win.cc(73)] ReadMemory at 0x7ffe89c40000 of 64 bytes failed: Only part of a ReadProcessMemory or WriteProcessMemory request was completed. (0x12B)
[0513/123953.459:WARNING:pe_image_reader.cc(340)] could not read dos header from C:\WINDOWS\SYSTEM32\dhcpcsvc.DLL
[0513/123953.459:ERROR:process_memory_win.cc(73)] ReadMemory at 0x7ffe91b60000 of 64 bytes failed: Only part of a ReadProcessMemory or WriteProcessMemory request was completed. (0x12B)
[0513/123953.459:WARNING:pe_image_reader.cc(340)] could not read dos header from C:\WINDOWS\System32\NSI.dll
[0513/123953.459:ERROR:process_memory_win.cc(73)] ReadMemory at 0x7ffe8df50000 of 64 bytes failed: Only part of a ReadProcessMemory or WriteProcessMemory request was completed. (0x12B)
[0513/123953.459:WARNING:pe_image_reader.cc(340)] could not read dos header from C:\WINDOWS\SYSTEM32\WINMMBASE.dll
[0513/123953.459:ERROR:process_memory_win.cc(73)] ReadMemory at 0x7ffe91690000 of 64 bytes failed: Only part of a ReadProcessMemory or WriteProcessMemory request was completed. (0x12B)
[0513/123953.459:WARNING:pe_image_reader.cc(340)] could not read dos header from C:\WINDOWS\System32\cfgmgr32.dll
[0513/123953.459:ERROR:process_memory_win.cc(73)] ReadMemory at 0x7ffe8e6c0000 of 64 bytes failed: Only part of a ReadProcessMemory or WriteProcessMemory request was completed. (0x12B)
[0513/123953.459:WARNING:pe_image_reader.cc(340)] could not read dos header from C:\WINDOWS\SYSTEM32\PROPSYS.dll
[0513/123953.459:ERROR:process_memory_win.cc(73)] ReadMemory at 0x7ffe941d0000 of 64 bytes failed: Only part of a ReadProcessMemory or WriteProcessMemory request was completed. (0x12B)
[0513/123953.459:WARNING:pe_image_reader.cc(340)] could not read dos header from C:\WINDOWS\System32\shcore.dll
[0513/123953.459:ERROR:process_memory_win.cc(73)] ReadMemory at 0x7ffe903f0000 of 64 bytes failed: Only part of a ReadProcessMemory or WriteProcessMemory request was completed. (0x12B)
[0513/123953.459:WARNING:pe_image_reader.cc(340)] could not read dos header from C:\WINDOWS\SYSTEM32\bcrypt.dll
[0513/123953.459:ERROR:process_memory_win.cc(73)] ReadMemory at 0x7ffe90820000 of 64 bytes failed: Only part of a ReadProcessMemory or WriteProcessMemory request was completed. (0x12B)
[0513/123953.459:WARNING:pe_image_reader.cc(340)] could not read dos header from C:\WINDOWS\SYSTEM32\SSPICLI.DLL
[0513/123953.459:ERROR:process_memory_win.cc(73)] ReadMemory at 0x7ffe902e0000 of 64 bytes failed: Only part of a ReadProcessMemory or WriteProcessMemory request was completed. (0x12B)
[0513/123953.459:WARNING:pe_image_reader.cc(340)] could not read dos header from C:\WINDOWS\SYSTEM32\CRYPTBASE.DLL
[0513/123953.559:ERROR:process_memory_win.cc(73)] ReadMemory at 0x7ff6133e0000 of 64 bytes failed: Only part of a ReadProcessMemory or WriteProcessMemory request was completed. (0x12B)
[0513/123953.559:WARNING:pe_image_reader.cc(340)] could not read dos header from C:\Program Files (x86)\Google\Chrome\Application\chrome.exe
[0513/123953.559:ERROR:process_memory_win.cc(73)] ReadMemory at 0x7ffe945f0000 of 64 bytes failed: Only part of a ReadProcessMemory or WriteProcessMemory request was completed. (0x12B)
[0513/123953.559:WARNING:pe_image_reader.cc(340)] could not read dos header from C:\WINDOWS\SYSTEM32\ntdll.dll
[0513/123953.559:ERROR:process_memory_win.cc(73)] ReadMemory at 0x7ffe92700000 of 64 bytes failed: Only part of a ReadProcessMemory or WriteProcessMemory request was completed. (0x12B)
[0513/123953.559:WARNING:pe_image_reader.cc(340)] could not read dos header from C:\WINDOWS\System32\KERNEL32.DLL
[0513/123953.559:ERROR:process_memory_win.cc(73)] ReadMemory at 0x7ffe910c0000 of 64 bytes failed: Only part of a ReadProcessMemory or WriteProcessMemory request was completed. (0x12B)
[0513/123953.559:WARNING:pe_image_reader.cc(340)] could not read dos header from C:\WINDOWS\System32\KERNELBASE.dll
[0513/123953.559:ERROR:process_memory_win.cc(73)] ReadMemory at 0x7ffe86a50000 of 64 bytes failed: Only part of a ReadProcessMemory or WriteProcessMemory request was completed. (0x12B)
[0513/123953.559:WARNING:pe_image_reader.cc(340)] could not read dos header from C:\Program Files (x86)\Google\Chrome\Application\81.0.4044.138\chrome_elf.dll
[0513/123953.559:ERROR:process_memory_win.cc(73)] ReadMemory at 0x7ffe83940000 of 64 bytes failed: Only part of a ReadProcessMemory or WriteProcessMemory request was completed. (0x12B)
[0513/123953.559:WARNING:pe_image_reader.cc(340)] could not read dos header from C:\WINDOWS\SYSTEM32\VERSION.dll
[0513/123953.559:ERROR:process_memory_win.cc(73)] ReadMemory at 0x7ffe92070000 of 64 bytes failed: Only part of a ReadProcessMemory or WriteProcessMemory request was completed. (0x12B)
[0513/123953.559:WARNING:pe_image_reader.cc(340)] could not read dos header from C:\WINDOWS\System32\msvcrt.dll
[0513/123953.559:ERROR:process_memory_win.cc(73)] ReadMemory at 0x7ffe91540000 of 64 bytes failed: Only part of a ReadProcessMemory or WriteProcessMemory request was completed. (0x12B)
[0513/123953.559:WARNING:pe_image_reader.cc(340)] could not read dos header from C:\WINDOWS\System32\bcryptPrimitives.dll
[0513/123953.559:ERROR:process_memory_win.cc(73)] ReadMemory at 0x7ffe94280000 of 64 bytes failed: Only part of a ReadProcessMemory or WriteProcessMemory request was completed. (0x12B)
[0513/123953.559:WARNING:pe_image_reader.cc(340)] could not read dos header from C:\WINDOWS\System32\ADVAPI32.dll
[0513/123953.559:ERROR:process_memory_win.cc(73)] ReadMemory at 0x7ffe943d0000 of 64 bytes failed: Only part of a ReadProcessMemory or WriteProcessMemory request was completed. (0x12B)
[0513/123953.559:WARNING:pe_image_reader.cc(340)] could not read dos header from C:\WINDOWS\System32\sechost.dll
[0513/123953.559:ERROR:process_memory_win.cc(73)] ReadMemory at 0x7ffe922a0000 of 64 bytes failed: Only part of a ReadProcessMemory or WriteProcessMemory request was completed. (0x12B)
[0513/123953.559:WARNING:pe_image_reader.cc(340)] could not read dos header from C:\WINDOWS\System32\RPCRT4.dll
[0513/123953.559:ERROR:process_memory_win.cc(73)] ReadMemory at 0x7ffe46fb0000 of 64 bytes failed: Only part of a ReadProcessMemory or WriteProcessMemory request was completed. (0x12B)
[0513/123953.559:WARNING:pe_image_reader.cc(340)] could not read dos header from C:\Program Files (x86)\Google\Chrome\Application\81.0.4044.138\chrome.dll
[0513/123953.559:ERROR:process_memory_win.cc(73)] ReadMemory at 0x7ffe94360000 of 64 bytes failed: Only part of a ReadProcessMemory or WriteProcessMemory request was completed. (0x12B)
[0513/123953.559:WARNING:pe_image_reader.cc(340)] could not read dos header from C:\WINDOWS\System32\WS2_32.dll
[0513/123953.559:ERROR:process_memory_win.cc(73)] ReadMemory at 0x7ffe940f0000 of 64 bytes failed: Only part of a ReadProcessMemory or WriteProcessMemory request was completed. (0x12B)
[0513/123953.559:WARNING:pe_image_reader.cc(340)] could not read dos header from C:\WINDOWS\System32\OLEAUT32.dll
[0513/123953.559:ERROR:process_memory_win.cc(73)] ReadMemory at 0x7ffe919d0000 of 64 bytes failed: Only part of a ReadProcessMemory or WriteProcessMemory request was completed. (0x12B)
[0513/123953.559:WARNING:pe_image_reader.cc(340)] could not read dos header from C:\WINDOWS\System32\msvcp_win.dll
[0513/123953.559:ERROR:process_memory_win.cc(73)] ReadMemory at 0x7ffe916e0000 of 64 bytes failed: Only part of a ReadProcessMemory or WriteProcessMemory request was completed. (0x12B)
[0513/123953.559:WARNING:pe_image_reader.cc(340)] could not read dos header from C:\WINDOWS\System32\ucrtbase.dll
[0513/123953.559:ERROR:process_memory_win.cc(73)] ReadMemory at 0x7ffe923d0000 of 64 bytes failed: Only part of a ReadProcessMemory or WriteProcessMemory request was completed. (0x12B)
[0513/123953.559:WARNING:pe_image_reader.cc(340)] could not read dos header from C:\WINDOWS\System32\combase.dll
[0513/123953.559:ERROR:process_memory_win.cc(73)] ReadMemory at 0x7ffe914e0000 of 64 bytes failed: Only part of a ReadProcessMemory or WriteProcessMemory request was completed. (0x12B)
[0513/123953.559:WARNING:pe_image_reader.cc(340)] could not read dos header from C:\WINDOWS\System32\WINTRUST.dll
[0513/123953.559:ERROR:process_memory_win.cc(73)] ReadMemory at 0x7ffe90970000 of 64 bytes failed: Only part of a ReadProcessMemory or WriteProcessMemory request was completed. (0x12B)
[0513/123953.559:WARNING:pe_image_reader.cc(340)] could not read dos header from C:\WINDOWS\System32\MSASN1.dll
[0513/123953.559:ERROR:process_memory_win.cc(73)] ReadMemory at 0x7ffe917e0000 of 64 bytes failed: Only part of a ReadProcessMemory or WriteProcessMemory request was completed. (0x12B)
[0513/123953.559:WARNING:pe_image_reader.cc(340)] could not read dos header from C:\WINDOWS\System32\CRYPT32.dll
[0513/123953.559:ERROR:process_memory_win.cc(73)] ReadMemory at 0x7ffe8fe60000 of 64 bytes failed: Only part of a ReadProcessMemory or WriteProcessMemory request was completed. (0x12B)
[0513/123953.559:WARNING:pe_image_reader.cc(340)] could not read dos header from C:\WINDOWS\SYSTEM32\IPHLPAPI.DLL
[0513/123953.559:ERROR:process_memory_win.cc(73)] ReadMemory at 0x7ffe8df80000 of 64 bytes failed: Only part of a ReadProcessMemory or WriteProcessMemory request was completed. (0x12B)
[0513/123953.559:WARNING:pe_image_reader.cc(340)] could not read dos header from C:\WINDOWS\SYSTEM32\WINMM.dll
[0513/123953.559:ERROR:process_memory_win.cc(73)] ReadMemory at 0x7ffe837b0000 of 64 bytes failed: Only part of a ReadProcessMemory or WriteProcessMemory request was completed. (0x12B)
[0513/123953.559:WARNING:pe_image_reader.cc(340)] could not read dos header from C:\WINDOWS\SYSTEM32\Secur32.dll
[0513/123953.559:ERROR:process_memory_win.cc(73)] ReadMemory at 0x7ffe907f0000 of 64 bytes failed: Only part of a ReadProcessMemory or WriteProcessMemory request was completed. (0x12B)
[0513/123953.559:WARNING:pe_image_reader.cc(340)] could not read dos header from C:\WINDOWS\SYSTEM32\USERENV.dll
[0513/123953.559:ERROR:process_memory_win.cc(73)] ReadMemory at 0x7ffe908f0000 of 64 bytes failed: Only part of a ReadProcessMemory or WriteProcessMemory request was completed. (0x12B)
[0513/123953.559:WARNING:pe_image_reader.cc(340)] could not read dos header from C:\WINDOWS\System32\profapi.dll
[0513/123953.559:ERROR:process_memory_win.cc(73)] ReadMemory at 0x7ffe70e50000 of 64 bytes failed: Only part of a ReadProcessMemory or WriteProcessMemory request was completed. (0x12B)
[0513/123953.559:WARNING:pe_image_reader.cc(340)] could not read dos header from C:\WINDOWS\SYSTEM32\UIAutomationCore.DLL
[0513/123953.559:ERROR:process_memory_win.cc(73)] ReadMemory at 0x7ffe7a5a0000 of 64 bytes failed: Only part of a ReadProcessMemory or WriteProcessMemory request was completed. (0x12B)
[0513/123953.559:WARNING:pe_image_reader.cc(340)] could not read dos header from C:\WINDOWS\SYSTEM32\DWrite.dll
[0513/123953.559:ERROR:process_memory_win.cc(73)] ReadMemory at 0x7ffe88a60000 of 64 bytes failed: Only part of a ReadProcessMemory or WriteProcessMemory request was completed. (0x12B)
[0513/123953.559:WARNING:pe_image_reader.cc(340)] could not read dos header from C:\WINDOWS\SYSTEM32\WINSPOOL.DRV
[0513/123953.559:ERROR:process_memory_win.cc(73)] ReadMemory at 0x7ffe90990000 of 64 bytes failed: Only part of a ReadProcessMemory or WriteProcessMemory request was completed. (0x12B)
[0513/123953.559:WARNING:pe_image_reader.cc(340)] could not read dos header from C:\WINDOWS\System32\kernel.appcore.dll
[0513/123953.559:ERROR:process_memory_win.cc(73)] ReadMemory at 0x7ffe8f320000 of 64 bytes failed: Only part of a ReadProcessMemory or WriteProcessMemory request was completed. (0x12B)
[0513/123953.559:WARNING:pe_image_reader.cc(340)] could not read dos header from C:\WINDOWS\SYSTEM32\dbghelp.dll
[0513/123953.559:ERROR:process_memory_win.cc(73)] ReadMemory at 0x7ffe8bc90000 of 64 bytes failed: Only part of a ReadProcessMemory or WriteProcessMemory request was completed. (0x12B)
[0513/123953.559:WARNING:pe_image_reader.cc(340)] could not read dos header from C:\WINDOWS\SYSTEM32\WINHTTP.dll
[0513/123953.559:ERROR:process_memory_win.cc(73)] ReadMemory at 0x7ffe89c40000 of 64 bytes failed: Only part of a ReadProcessMemory or WriteProcessMemory request was completed. (0x12B)
[0513/123953.559:WARNING:pe_image_reader.cc(340)] could not read dos header from C:\WINDOWS\SYSTEM32\dhcpcsvc.DLL
[0513/123953.559:ERROR:process_memory_win.cc(73)] ReadMemory at 0x7ffe91b60000 of 64 bytes failed: Only part of a ReadProcessMemory or WriteProcessMemory request was completed. (0x12B)
[0513/123953.559:WARNING:pe_image_reader.cc(340)] could not read dos header from C:\WINDOWS\System32\NSI.dll
[0513/123953.559:ERROR:process_memory_win.cc(73)] ReadMemory at 0x7ffe8df50000 of 64 bytes failed: Only part of a ReadProcessMemory or WriteProcessMemory request was completed. (0x12B)
[0513/123953.559:WARNING:pe_image_reader.cc(340)] could not read dos header from C:\WINDOWS\SYSTEM32\WINMMBASE.dll
[0513/123953.559:ERROR:process_memory_win.cc(73)] ReadMemory at 0x7ffe91690000 of 64 bytes failed: Only part of a ReadProcessMemory or WriteProcessMemory request was completed. (0x12B)
[0513/123953.559:WARNING:pe_image_reader.cc(340)] could not read dos header from C:\WINDOWS\System32\cfgmgr32.dll
[0513/123953.574:ERROR:process_memory_win.cc(73)] ReadMemory at 0x7ffe8e6c0000 of 64 bytes failed: Only part of a ReadProcessMemory or WriteProcessMemory request was completed. (0x12B)
[0513/123953.574:WARNING:pe_image_reader.cc(340)] could not read dos header from C:\WINDOWS\SYSTEM32\PROPSYS.dll
[0513/123953.574:ERROR:process_memory_win.cc(73)] ReadMemory at 0x7ffe941d0000 of 64 bytes failed: Only part of a ReadProcessMemory or WriteProcessMemory request was completed. (0x12B)
[0513/123953.574:WARNING:pe_image_reader.cc(340)] could not read dos header from C:\WINDOWS\System32\shcore.dll
[0513/123953.574:ERROR:process_memory_win.cc(73)] ReadMemory at 0x7ffe903f0000 of 64 bytes failed: Only part of a ReadProcessMemory or WriteProcessMemory request was completed. (0x12B)
[0513/123953.574:WARNING:pe_image_reader.cc(340)] could not read dos header from C:\WINDOWS\SYSTEM32\bcrypt.dll
[0513/123953.574:ERROR:process_memory_win.cc(73)] ReadMemory at 0x7ffe90820000 of 64 bytes failed: Only part of a ReadProcessMemory or WriteProcessMemory request was completed. (0x12B)
[0513/123953.574:WARNING:pe_image_reader.cc(340)] could not read dos header from C:\WINDOWS\SYSTEM32\SSPICLI.DLL
[0513/123953.574:ERROR:process_memory_win.cc(73)] ReadMemory at 0x7ffe902e0000 of 64 bytes failed: Only part of a ReadProcessMemory or WriteProcessMemory request was completed. (0x12B)
[0513/123953.574:WARNING:pe_image_reader.cc(340)] could not read dos header from C:\WINDOWS\SYSTEM32\CRYPTBASE.DLL
[0513/123953.574:ERROR:process_memory_win.cc(73)] ReadMemory at 0x7ff6133e0000 of 64 bytes failed: Only part of a ReadProcessMemory or WriteProcessMemory request was completed. (0x12B)
[0513/123953.574:WARNING:pe_image_reader.cc(340)] could not read dos header from C:\Program Files (x86)\Google\Chrome\Application\chrome.exe
[0513/123953.574:ERROR:process_memory_win.cc(73)] ReadMemory at 0x7ffe945f0000 of 64 bytes failed: Only part of a ReadProcessMemory or WriteProcessMemory request was completed. (0x12B)
[0513/123953.574:WARNING:pe_image_reader.cc(340)] could not read dos header from C:\WINDOWS\SYSTEM32\ntdll.dll
[0513/123953.574:ERROR:process_memory_win.cc(73)] ReadMemory at 0x7ffe92700000 of 64 bytes failed: Only part of a ReadProcessMemory or WriteProcessMemory request was completed. (0x12B)
[0513/123953.574:WARNING:pe_image_reader.cc(340)] could not read dos header from C:\WINDOWS\System32\KERNEL32.DLL
[0513/123953.574:ERROR:process_memory_win.cc(73)] ReadMemory at 0x7ffe910c0000 of 64 bytes failed: Only part of a ReadProcessMemory or WriteProcessMemory request was completed. (0x12B)
[0513/123953.574:WARNING:pe_image_reader.cc(340)] could not read dos header from C:\WINDOWS\System32\KERNELBASE.dll
[0513/123953.574:ERROR:process_memory_win.cc(73)] ReadMemory at 0x7ffe86a50000 of 64 bytes failed: Only part of a ReadProcessMemory or WriteProcessMemory request was completed. (0x12B)
[0513/123953.574:WARNING:pe_image_reader.cc(340)] could not read dos header from C:\Program Files (x86)\Google\Chrome\Application\81.0.4044.138\chrome_elf.dll
[0513/123953.574:ERROR:process_memory_win.cc(73)] ReadMemory at 0x7ffe83940000 of 64 bytes failed: Only part of a ReadProcessMemory or WriteProcessMemory request was completed. (0x12B)
[0513/123953.574:WARNING:pe_image_reader.cc(340)] could not read dos header from C:\WINDOWS\SYSTEM32\VERSION.dll
[0513/123953.574:ERROR:process_memory_win.cc(73)] ReadMemory at 0x7ffe92070000 of 64 bytes failed: Only part of a ReadProcessMemory or WriteProcessMemory request was completed. (0x12B)
[0513/123953.574:WARNING:pe_image_reader.cc(340)] could not read dos header from C:\WINDOWS\System32\msvcrt.dll
[0513/123953.574:ERROR:process_memory_win.cc(73)] ReadMemory at 0x7ffe91540000 of 64 bytes failed: Only part of a ReadProcessMemory or WriteProcessMemory request was completed. (0x12B)
[0513/123953.574:WARNING:pe_image_reader.cc(340)] could not read dos header from C:\WINDOWS\System32\bcryptPrimitives.dll
[0513/123953.574:ERROR:process_memory_win.cc(73)] ReadMemory at 0x7ffe94280000 of 64 bytes failed: Only part of a ReadProcessMemory or WriteProcessMemory request was completed. (0x12B)
[0513/123953.574:WARNING:pe_image_reader.cc(340)] could not read dos header from C:\WINDOWS\System32\ADVAPI32.dll
[0513/123953.574:ERROR:process_memory_win.cc(73)] ReadMemory at 0x7ffe943d0000 of 64 bytes failed: Only part of a ReadProcessMemory or WriteProcessMemory request was completed. (0x12B)
[0513/123953.574:WARNING:pe_image_reader.cc(340)] could not read dos header from C:\WINDOWS\System32\sechost.dll
[0513/123953.574:ERROR:process_memory_win.cc(73)] ReadMemory at 0x7ffe922a0000 of 64 bytes failed: Only part of a ReadProcessMemory or WriteProcessMemory request was completed. (0x12B)
[0513/123953.574:WARNING:pe_image_reader.cc(340)] could not read dos header from C:\WINDOWS\System32\RPCRT4.dll
[0513/123953.574:ERROR:process_memory_win.cc(73)] ReadMemory at 0x7ffe46fb0000 of 64 bytes failed: Only part of a ReadProcessMemory or WriteProcessMemory request was completed. (0x12B)
[0513/123953.574:WARNING:pe_image_reader.cc(340)] could not read dos header from C:\Program Files (x86)\Google\Chrome\Application\81.0.4044.138\chrome.dll
[0513/123953.574:ERROR:process_memory_win.cc(73)] ReadMemory at 0x7ffe94360000 of 64 bytes failed: Only part of a ReadProcessMemory or WriteProcessMemory request was completed. (0x12B)
[0513/123953.574:WARNING:pe_image_reader.cc(340)] could not read dos header from C:\WINDOWS\System32\WS2_32.dll
[0513/123953.574:ERROR:process_memory_win.cc(73)] ReadMemory at 0x7ffe940f0000 of 64 bytes failed: Only part of a ReadProcessMemory or WriteProcessMemory request was completed. (0x12B)
[0513/123953.574:WARNING:pe_image_reader.cc(340)] could not read dos header from C:\WINDOWS\System32\OLEAUT32.dll
[0513/123953.574:ERROR:process_memory_win.cc(73)] ReadMemory at 0x7ffe919d0000 of 64 bytes failed: Only part of a ReadProcessMemory or WriteProcessMemory request was completed. (0x12B)
[0513/123953.574:WARNING:pe_image_reader.cc(340)] could not read dos header from C:\WINDOWS\System32\msvcp_win.dll
[0513/123953.574:ERROR:process_memory_win.cc(73)] ReadMemory at 0x7ffe916e0000 of 64 bytes failed: Only part of a ReadProcessMemory or WriteProcessMemory request was completed. (0x12B)
[0513/123953.574:WARNING:pe_image_reader.cc(340)] could not read dos header from C:\WINDOWS\System32\ucrtbase.dll
[0513/123953.574:ERROR:process_memory_win.cc(73)] ReadMemory at 0x7ffe923d0000 of 64 bytes failed: Only part of a ReadProcessMemory or WriteProcessMemory request was completed. (0x12B)
[0513/123953.574:WARNING:pe_image_reader.cc(340)] could not read dos header from C:\WINDOWS\System32\combase.dll
[0513/123953.574:ERROR:process_memory_win.cc(73)] ReadMemory at 0x7ffe914e0000 of 64 bytes failed: Only part of a ReadProcessMemory or WriteProcessMemory request was completed. (0x12B)
[0513/123953.574:WARNING:pe_image_reader.cc(340)] could not read dos header from C:\WINDOWS\System32\WINTRUST.dll
[0513/123953.574:ERROR:process_memory_win.cc(73)] ReadMemory at 0x7ffe90970000 of 64 bytes failed: Only part of a ReadProcessMemory or WriteProcessMemory request was completed. (0x12B)
[0513/123953.574:WARNING:pe_image_reader.cc(340)] could not read dos header from C:\WINDOWS\System32\MSASN1.dll
[0513/123953.574:ERROR:process_memory_win.cc(73)] ReadMemory at 0x7ffe917e0000 of 64 bytes failed: Only part of a ReadProcessMemory or WriteProcessMemory request was completed. (0x12B)
[0513/123953.574:WARNING:pe_image_reader.cc(340)] could not read dos header from C:\WINDOWS\System32\CRYPT32.dll
[0513/123953.574:ERROR:process_memory_win.cc(73)] ReadMemory at 0x7ffe8fe60000 of 64 bytes failed: Only part of a ReadProcessMemory or WriteProcessMemory request was completed. (0x12B)
[0513/123953.574:WARNING:pe_image_reader.cc(340)] could not read dos header from C:\WINDOWS\SYSTEM32\IPHLPAPI.DLL
[0513/123953.574:ERROR:process_memory_win.cc(73)] ReadMemory at 0x7ffe8df80000 of 64 bytes failed: Only part of a ReadProcessMemory or WriteProcessMemory request was completed. (0x12B)
[0513/123953.574:WARNING:pe_image_reader.cc(340)] could not read dos header from C:\WINDOWS\SYSTEM32\WINMM.dll
[0513/123953.574:ERROR:process_memory_win.cc(73)] ReadMemory at 0x7ffe837b0000 of 64 bytes failed: Only part of a ReadProcessMemory or WriteProcessMemory request was completed. (0x12B)
[0513/123953.574:WARNING:pe_image_reader.cc(340)] could not read dos header from C:\WINDOWS\SYSTEM32\Secur32.dll
[0513/123953.574:ERROR:process_memory_win.cc(73)] ReadMemory at 0x7ffe907f0000 of 64 bytes failed: Only part of a ReadProcessMemory or WriteProcessMemory request was completed. (0x12B)
[0513/123953.574:WARNING:pe_image_reader.cc(340)] could not read dos header from C:\WINDOWS\SYSTEM32\USERENV.dll
[0513/123953.574:ERROR:process_memory_win.cc(73)] ReadMemory at 0x7ffe908f0000 of 64 bytes failed: Only part of a ReadProcessMemory or WriteProcessMemory request was completed. (0x12B)
[0513/123953.574:WARNING:pe_image_reader.cc(340)] could not read dos header from C:\WINDOWS\System32\profapi.dll
[0513/123953.574:ERROR:process_memory_win.cc(73)] ReadMemory at 0x7ffe70e50000 of 64 bytes failed: Only part of a ReadProcessMemory or WriteProcessMemory request was completed. (0x12B)
[0513/123953.574:WARNING:pe_image_reader.cc(340)] could not read dos header from C:\WINDOWS\SYSTEM32\UIAutomationCore.DLL
[0513/123953.574:ERROR:process_memory_win.cc(73)] ReadMemory at 0x7ffe7a5a0000 of 64 bytes failed: Only part of a ReadProcessMemory or WriteProcessMemory request was completed. (0x12B)
[0513/123953.574:WARNING:pe_image_reader.cc(340)] could not read dos header from C:\WINDOWS\SYSTEM32\DWrite.dll
[0513/123953.574:ERROR:process_memory_win.cc(73)] ReadMemory at 0x7ffe88a60000 of 64 bytes failed: Only part of a ReadProcessMemory or WriteProcessMemory request was completed. (0x12B)
[0513/123953.574:WARNING:pe_image_reader.cc(340)] could not read dos header from C:\WINDOWS\SYSTEM32\WINSPOOL.DRV
[0513/123953.574:ERROR:process_memory_win.cc(73)] ReadMemory at 0x7ffe90990000 of 64 bytes failed: Only part of a ReadProcessMemory or WriteProcessMemory request was completed. (0x12B)
[0513/123953.574:WARNING:pe_image_reader.cc(340)] could not read dos header from C:\WINDOWS\System32\kernel.appcore.dll
[0513/123953.574:ERROR:process_memory_win.cc(73)] ReadMemory at 0x7ffe8f320000 of 64 bytes failed: Only part of a ReadProcessMemory or WriteProcessMemory request was completed. (0x12B)
[0513/123953.574:WARNING:pe_image_reader.cc(340)] could not read dos header from C:\WINDOWS\SYSTEM32\dbghelp.dll
[0513/123953.574:ERROR:process_memory_win.cc(73)] ReadMemory at 0x7ffe8bc90000 of 64 bytes failed: Only part of a ReadProcessMemory or WriteProcessMemory request was completed. (0x12B)
[0513/123953.574:WARNING:pe_image_reader.cc(340)] could not read dos header from C:\WINDOWS\SYSTEM32\WINHTTP.dll
[0513/123953.574:ERROR:process_memory_win.cc(73)] ReadMemory at 0x7ffe89c40000 of 64 bytes failed: Only part of a ReadProcessMemory or WriteProcessMemory request was completed. (0x12B)
[0513/123953.574:WARNING:pe_image_reader.cc(340)] could not read dos header from C:\WINDOWS\SYSTEM32\dhcpcsvc.DLL
[0513/123953.574:ERROR:process_memory_win.cc(73)] ReadMemory at 0x7ffe91b60000 of 64 bytes failed: Only part of a ReadProcessMemory or WriteProcessMemory request was completed. (0x12B)
[0513/123953.574:WARNING:pe_image_reader.cc(340)] could not read dos header from C:\WINDOWS\System32\NSI.dll
[0513/123953.574:ERROR:process_memory_win.cc(73)] ReadMemory at 0x7ffe8df50000 of 64 bytes failed: Only part of a ReadProcessMemory or WriteProcessMemory request was completed. (0x12B)
[0513/123953.574:WARNING:pe_image_reader.cc(340)] could not read dos header from C:\WINDOWS\SYSTEM32\WINMMBASE.dll
[0513/123953.574:ERROR:process_memory_win.cc(73)] ReadMemory at 0x7ffe91690000 of 64 bytes failed: Only part of a ReadProcessMemory or WriteProcessMemory request was completed. (0x12B)
[0513/123953.574:WARNING:pe_image_reader.cc(340)] could not read dos header from C:\WINDOWS\System32\cfgmgr32.dll
[0513/123953.574:ERROR:process_memory_win.cc(73)] ReadMemory at 0x7ffe8e6c0000 of 64 bytes failed: Only part of a ReadProcessMemory or WriteProcessMemory request was completed. (0x12B)
[0513/123953.574:WARNING:pe_image_reader.cc(340)] could not read dos header from C:\WINDOWS\SYSTEM32\PROPSYS.dll
[0513/123953.574:ERROR:process_memory_win.cc(73)] ReadMemory at 0x7ffe941d0000 of 64 bytes failed: Only part of a ReadProcessMemory or WriteProcessMemory request was completed. (0x12B)
[0513/123953.574:WARNING:pe_image_reader.cc(340)] could not read dos header from C:\WINDOWS\System32\shcore.dll
[0513/123953.574:ERROR:process_memory_win.cc(73)] ReadMemory at 0x7ffe903f0000 of 64 bytes failed: Only part of a ReadProcessMemory or WriteProcessMemory request was completed. (0x12B)
[0513/123953.574:WARNING:pe_image_reader.cc(340)] could not read dos header from C:\WINDOWS\SYSTEM32\bcrypt.dll
[0513/123953.574:ERROR:process_memory_win.cc(73)] ReadMemory at 0x7ffe90820000 of 64 bytes failed: Only part of a ReadProcessMemory or WriteProcessMemory request was completed. (0x12B)
[0513/123953.574:WARNING:pe_image_reader.cc(340)] could not read dos header from C:\WINDOWS\SYSTEM32\SSPICLI.DLL
[0513/123953.574:ERROR:process_memory_win.cc(73)] ReadMemory at 0x7ffe902e0000 of 64 bytes failed: Only part of a ReadProcessMemory or WriteProcessMemory request was completed. (0x12B)
[0513/123953.574:WARNING:pe_image_reader.cc(340)] could not read dos header from C:\WINDOWS\SYSTEM32\CRYPTBASE.DLL
[0513/123953.706:ERROR:process_memory_win.cc(73)] ReadMemory at 0xa8c0ff5000 of 45056 bytes failed: Only part of a ReadProcessMemory or WriteProcessMemory request was completed. (0x12B)
[0513/123953.706:ERROR:process_memory_win.cc(73)] ReadMemory at 0xa8c17fd000 of 12288 bytes failed: Only part of a ReadProcessMemory or WriteProcessMemory request was completed. (0x12B)
[0513/123953.706:ERROR:process_memory_win.cc(73)] ReadMemory at 0xa8c1ffd000 of 12288 bytes failed: Only part of a ReadProcessMemory or WriteProcessMemory request was completed. (0x12B)
[0513/123953.706:ERROR:process_memory_win.cc(73)] ReadMemory at 0xa8c2ffc000 of 16384 bytes failed: Only part of a ReadProcessMemory or WriteProcessMemory request was completed. (0x12B)
[0513/123953.706:ERROR:process_memory_win.cc(73)] ReadMemory at 0xa8c37fc000 of 16384 bytes failed: Only part of a ReadProcessMemory or WriteProcessMemory request was completed. (0x12B)
[0513/123953.706:ERROR:process_memory_win.cc(73)] ReadMemory at 0xa8c3fff000 of 4096 bytes failed: Only part of a ReadProcessMemory or WriteProcessMemory request was completed. (0x12B)
[0513/123953.706:ERROR:process_memory_win.cc(73)] ReadMemory at 0xa8c47fd000 of 12288 bytes failed: Only part of a ReadProcessMemory or WriteProcessMemory request was completed. (0x12B)
[0513/123953.706:ERROR:process_memory_win.cc(73)] ReadMemory at 0xa8c4ffb000 of 20480 bytes failed: Only part of a ReadProcessMemory or WriteProcessMemory request was completed. (0x12B)
[0513/123953.706:ERROR:process_memory_win.cc(73)] ReadMemory at 0xa8c5ffd000 of 12288 bytes failed: Only part of a ReadProcessMemory or WriteProcessMemory request was completed. (0x12B)
[0513/123953.706:ERROR:process_memory_win.cc(73)] ReadMemory at 0xa8c67fd000 of 12288 bytes failed: Only part of a ReadProcessMemory or WriteProcessMemory request was completed. (0x12B)
[0513/123953.706:ERROR:process_memory_win.cc(73)] ReadMemory at 0xa8c6ffd000 of 12288 bytes failed: Only part of a ReadProcessMemory or WriteProcessMemory request was completed. (0x12B)
[0513/123953.706:ERROR:process_memory_win.cc(73)] ReadMemory at 0xa8c77fd000 of 12288 bytes failed: Only part of a ReadProcessMemory or WriteProcessMemory request was completed. (0x12B)
[0513/123953.706:ERROR:process_memory_win.cc(73)] ReadMemory at 0xa8c7ffd000 of 12288 bytes failed: Only part of a ReadProcessMemory or WriteProcessMemory request was completed. (0x12B)
[0513/123953.706:ERROR:process_memory_win.cc(73)] ReadMemory at 0xa8c27fe000 of 8192 bytes failed: Only part of a ReadProcessMemory or WriteProcessMemory request was completed. (0x12B)
[0513/123953.706:ERROR:process_memory_win.cc(73)] ReadMemory at 0xa8c061c000 of 852 bytes failed: Only part of a ReadProcessMemory or WriteProcessMemory request was completed. (0x12B)
[0513/123953.706:ERROR:process_memory_win.cc(73)] ReadMemory at 0xa8c061d000 of 6024 bytes failed: Only part of a ReadProcessMemory or WriteProcessMemory request was completed. (0x12B)
[0513/123953.706:ERROR:process_memory_win.cc(73)] ReadMemory at 0xa8c061f000 of 6024 bytes failed: Only part of a ReadProcessMemory or WriteProcessMemory request was completed. (0x12B)
[0513/123953.706:ERROR:process_memory_win.cc(73)] ReadMemory at 0xa8c0621000 of 6024 bytes failed: Only part of a ReadProcessMemory or WriteProcessMemory request was completed. (0x12B)
[0513/123953.706:ERROR:process_memory_win.cc(73)] ReadMemory at 0xa8c0625000 of 6024 bytes failed: Only part of a ReadProcessMemory or WriteProcessMemory request was completed. (0x12B)
[0513/123953.706:ERROR:process_memory_win.cc(73)] ReadMemory at 0xa8c0627000 of 6024 bytes failed: Only part of a ReadProcessMemory or WriteProcessMemory request was completed. (0x12B)
[0513/123953.706:ERROR:process_memory_win.cc(73)] ReadMemory at 0xa8c0629000 of 6024 bytes failed: Only part of a ReadProcessMemory or WriteProcessMemory request was completed. (0x12B)
[0513/123953.706:ERROR:process_memory_win.cc(73)] ReadMemory at 0xa8c062b000 of 6024 bytes failed: Only part of a ReadProcessMemory or WriteProcessMemory request was completed. (0x12B)
[0513/123953.706:ERROR:process_memory_win.cc(73)] ReadMemory at 0xa8c062d000 of 6024 bytes failed: Only part of a ReadProcessMemory or WriteProcessMemory request was completed. (0x12B)
[0513/123953.706:ERROR:process_memory_win.cc(73)] ReadMemory at 0xa8c0631000 of 6024 bytes failed: Only part of a ReadProcessMemory or WriteProcessMemory request was completed. (0x12B)
[0513/123953.706:ERROR:process_memory_win.cc(73)] ReadMemory at 0xa8c0633000 of 6024 bytes failed: Only part of a ReadProcessMemory or WriteProcessMemory request was completed. (0x12B)
[0513/123953.706:ERROR:process_memory_win.cc(73)] ReadMemory at 0xa8c0635000 of 6024 bytes failed: Only part of a ReadProcessMemory or WriteProcessMemory request was completed. (0x12B)
[0513/123953.706:ERROR:process_memory_win.cc(73)] ReadMemory at 0xa8c0637000 of 6024 bytes failed: Only part of a ReadProcessMemory or WriteProcessMemory request was completed. (0x12B)
[0513/123953.706:ERROR:process_memory_win.cc(73)] ReadMemory at 0xa8c063b000 of 6024 bytes failed: Only part of a ReadProcessMemory or WriteProcessMemory request was completed. (0x12B)
[0513/123953.706:ERROR:process_memory_win.cc(73)] ReadMemory at 0xa8c063d000 of 6024 bytes failed: Only part of a ReadProcessMemory or WriteProcessMemory request was completed. (0x12B)
[0513/123953.706:ERROR:process_memory_win.cc(73)] ReadMemory at 0x1d280041240 of 512 bytes failed: Only part of a ReadProcessMemory or WriteProcessMemory request was completed. (0x12B)
[0513/123953.706:ERROR:process_memory_win.cc(73)] ReadMemory at 0x1d280043400 of 512 bytes failed: Only part of a ReadProcessMemory or WriteProcessMemory request was completed. (0x12B)
[0513/123953.706:ERROR:process_memory_win.cc(73)] ReadMemory at 0x1d2800a3be0 of 512 bytes failed: Only part of a ReadProcessMemory or WriteProcessMemory request was completed. (0x12B)
[0513/123953.706:ERROR:process_memory_win.cc(73)] ReadMemory at 0x1d2800a4c10 of 512 bytes failed: Only part of a ReadProcessMemory or WriteProcessMemory request was completed. (0x12B)
[0513/123953.706:ERROR:process_memory_win.cc(73)] ReadMemory at 0x1d2800a7fd0 of 512 bytes failed: Only part of a ReadProcessMemory or WriteProcessMemory request was completed. (0x12B)
[0513/123953.722:ERROR:process_memory_win.cc(73)] ReadMemory at 0x1d2800becb0 of 712 bytes failed: Only part of a ReadProcessMemory or WriteProcessMemory request was completed. (0x12B)
[0513/123953.744:ERROR:process_memory_win.cc(73)] ReadMemory at 0x1d2800c2560 of 512 bytes failed: Only part of a ReadProcessMemory or WriteProcessMemory request was completed. (0x12B)
[0513/123953.744:ERROR:process_memory_win.cc(73)] ReadMemory at 0x1d2817aad00 of 512 bytes failed: Only part of a ReadProcessMemory or WriteProcessMemory request was completed. (0x12B)
[0513/123953.744:ERROR:process_memory_win.cc(73)] ReadMemory at 0x1d2822281f0 of 512 bytes failed: Only part of a ReadProcessMemory or WriteProcessMemory request was completed. (0x12B)
[0513/123953.744:ERROR:process_memory_win.cc(73)] ReadMemory at 0x1d282450c10 of 512 bytes failed: Only part of a ReadProcessMemory or WriteProcessMemory request was completed. (0x12B)
[0513/123953.744:ERROR:process_memory_win.cc(73)] ReadMemory at 0x1d2893091e8 of 512 bytes failed: Only part of a ReadProcessMemory or WriteProcessMemory request was completed. (0x12B)
[0513/123953.744:ERROR:process_memory_win.cc(73)] ReadMemory at 0x1d2fd3f0ab0 of 512 bytes failed: Only part of a ReadProcessMemory or WriteProcessMemory request was completed. (0x12B)
[0513/123953.744:ERROR:process_memory_win.cc(73)] ReadMemory at 0x1d2fd3f0fc0 of 20640 bytes failed: Only part of a ReadProcessMemory or WriteProcessMemory request was completed. (0x12B)
[0513/123953.744:ERROR:process_memory_win.cc(73)] ReadMemory at 0x1d2fd3f6070 of 1012 bytes failed: Only part of a ReadProcessMemory or WriteProcessMemory request was completed. (0x12B)
[0513/123953.744:ERROR:process_memory_win.cc(73)] ReadMemory at 0x1d2fd3f6688 of 118 bytes failed: Only part of a ReadProcessMemory or WriteProcessMemory request was completed. (0x12B)
[0513/123953.744:ERROR:process_memory_win.cc(73)] ReadMemory at 0x1d2fd3f6700 of 752 bytes failed: Only part of a ReadProcessMemory or WriteProcessMemory request was completed. (0x12B)
[0513/123953.744:ERROR:process_memory_win.cc(73)] ReadMemory at 0x1d2fd3f69f2 of 118 bytes failed: Only part of a ReadProcessMemory or WriteProcessMemory request was completed. (0x12B)
[0513/123953.744:ERROR:process_memory_win.cc(73)] ReadMemory at 0x1d2fd3f6a6a of 100 bytes failed: Only part of a ReadProcessMemory or WriteProcessMemory request was completed. (0x12B)
[0513/123953.744:ERROR:process_memory_win.cc(73)] ReadMemory at 0x1d2fd3f6ae0 of 58 bytes failed: Only part of a ReadProcessMemory or WriteProcessMemory request was completed. (0x12B)
[0513/123953.744:ERROR:process_memory_win.cc(73)] ReadMemory at 0x1d2fd3f6be0 of 132 bytes failed: Only part of a ReadProcessMemory or WriteProcessMemory request was completed. (0x12B)
[0513/123953.744:ERROR:process_memory_win.cc(73)] ReadMemory at 0x1d2fd3f6d70 of 132 bytes failed: Only part of a ReadProcessMemory or WriteProcessMemory request was completed. (0x12B)
[0513/123953.744:ERROR:process_memory_win.cc(73)] ReadMemory at 0x1d2fd3f6f30 of 126 bytes failed: Only part of a ReadProcessMemory or WriteProcessMemory request was completed. (0x12B)
[0513/123953.744:ERROR:process_memory_win.cc(73)] ReadMemory at 0x1d2fd3f7310 of 132 bytes failed: Only part of a ReadProcessMemory or WriteProcessMemory request was completed. (0x12B)
[0513/123953.744:ERROR:process_memory_win.cc(73)] ReadMemory at 0x1d2fd3f74a0 of 64 bytes failed: Only part of a ReadProcessMemory or WriteProcessMemory request was completed. (0x12B)
[0513/123953.744:ERROR:process_memory_win.cc(73)] ReadMemory at 0x1d2fd3f74f0 of 132 bytes failed: Only part of a ReadProcessMemory or WriteProcessMemory request was completed. (0x12B)
[0513/123953.744:ERROR:process_memory_win.cc(73)] ReadMemory at 0x1d2fd3f7660 of 132 bytes failed: Only part of a ReadProcessMemory or WriteProcessMemory request was completed. (0x12B)
[0513/123953.744:ERROR:process_memory_win.cc(73)] ReadMemory at 0x1d2fd3f78f0 of 132 bytes failed: Only part of a ReadProcessMemory or WriteProcessMemory request was completed. (0x12B)
[0513/123953.744:ERROR:process_memory_win.cc(73)] ReadMemory at 0x1d2fd3f7a80 of 68 bytes failed: Only part of a ReadProcessMemory or WriteProcessMemory request was completed. (0x12B)
[0513/123953.744:ERROR:process_memory_win.cc(73)] ReadMemory at 0x1d2fd3f8920 of 132 bytes failed: Only part of a ReadProcessMemory or WriteProcessMemory request was completed. (0x12B)
[0513/123953.744:ERROR:process_memory_win.cc(73)] ReadMemory at 0x1d2fd3f8ab0 of 154 bytes failed: Only part of a ReadProcessMemory or WriteProcessMemory request was completed. (0x12B)
[0513/123953.744:ERROR:process_memory_win.cc(73)] ReadMemory at 0x1d2fd3f96a0 of 132 bytes failed: Only part of a ReadProcessMemory or WriteProcessMemory request was completed. (0x12B)
[0513/123953.744:ERROR:process_memory_win.cc(73)] ReadMemory at 0x1d2fd3f98e0 of 62 bytes failed: Only part of a ReadProcessMemory or WriteProcessMemory request was completed. (0x12B)
[0513/123953.744:ERROR:process_memory_win.cc(73)] ReadMemory at 0x1d2fd3f9a40 of 132 bytes failed: Only part of a ReadProcessMemory or WriteProcessMemory request was completed. (0x12B)
[0513/123953.744:ERROR:process_memory_win.cc(73)] ReadMemory at 0x1d2fd3f9bd0 of 60 bytes failed: Only part of a ReadProcessMemory or WriteProcessMemory request was completed. (0x12B)
[0513/123953.744:ERROR:process_memory_win.cc(73)] ReadMemory at 0x1d2fd3fc550 of 132 bytes failed: Only part of a ReadProcessMemory or WriteProcessMemory request was completed. (0x12B)
[0513/123953.744:ERROR:process_memory_win.cc(73)] ReadMemory at 0x1d2fd3ff4b0 of 132 bytes failed: Only part of a ReadProcessMemory or WriteProcessMemory request was completed. (0x12B)
[0513/123953.744:ERROR:process_memory_win.cc(73)] ReadMemory at 0x1d2fd3ff640 of 80 bytes failed: Only part of a ReadProcessMemory or WriteProcessMemory request was completed. (0x12B)
[0513/123953.744:ERROR:process_memory_win.cc(73)] ReadMemory at 0x1d2fd3ff6a0 of 146 bytes failed: Only part of a ReadProcessMemory or WriteProcessMemory request was completed. (0x12B)
[0513/123953.744:ERROR:process_memory_win.cc(73)] ReadMemory at 0x1d2fd3ff7e0 of 60 bytes failed: Only part of a ReadProcessMemory or WriteProcessMemory request was completed. (0x12B)
[0513/123953.744:ERROR:process_memory_win.cc(73)] ReadMemory at 0x1d2fd3ff830 of 60 bytes failed: Only part of a ReadProcessMemory or WriteProcessMemory request was completed. (0x12B)
[0513/123953.744:ERROR:process_memory_win.cc(73)] ReadMemory at 0x1d2fd3ff880 of 62 bytes failed: Only part of a ReadProcessMemory or WriteProcessMemory request was completed. (0x12B)
[0513/123953.744:ERROR:process_memory_win.cc(73)] ReadMemory at 0x1d2fd3ff8d0 of 58 bytes failed: Only part of a ReadProcessMemory or WriteProcessMemory request was completed. (0x12B)
[0513/123953.744:ERROR:process_memory_win.cc(73)] ReadMemory at 0x1d2fd3ff920 of 64 bytes failed: Only part of a ReadProcessMemory or WriteProcessMemory request was completed. (0x12B)
[0513/123953.744:ERROR:process_memory_win.cc(73)] ReadMemory at 0x1d2fd3ff970 of 62 bytes failed: Only part of a ReadProcessMemory or WriteProcessMemory request was completed. (0x12B)
[0513/123953.744:ERROR:process_memory_win.cc(73)] ReadMemory at 0x1d2fd3ff9c0 of 64 bytes failed: Only part of a ReadProcessMemory or WriteProcessMemory request was completed. (0x12B)
[0513/123953.744:ERROR:process_memory_win.cc(73)] ReadMemory at 0x1d2fd3ffa60 of 62 bytes failed: Only part of a ReadProcessMemory or WriteProcessMemory request was completed. (0x12B)
[0513/123953.744:ERROR:process_memory_win.cc(73)] ReadMemory at 0x1d2fd3ffab0 of 60 bytes failed: Only part of a ReadProcessMemory or WriteProcessMemory request was completed. (0x12B)
[0513/123953.744:ERROR:process_memory_win.cc(73)] ReadMemory at 0x1d2fd3ffb00 of 64 bytes failed: Only part of a ReadProcessMemory or WriteProcessMemory request was completed. (0x12B)
[0513/123953.744:ERROR:process_memory_win.cc(73)] ReadMemory at 0x1d2fd3ffb50 of 66 bytes failed: Only part of a ReadProcessMemory or WriteProcessMemory request was completed. (0x12B)
[0513/123953.744:ERROR:process_memory_win.cc(73)] ReadMemory at 0x1d2fd3ffba0 of 64 bytes failed: Only part of a ReadProcessMemory or WriteProcessMemory request was completed. (0x12B)
[0513/123953.744:ERROR:process_memory_win.cc(73)] ReadMemory at 0x1d2fd3ffc40 of 62 bytes failed: Only part of a ReadProcessMemory or WriteProcessMemory request was completed. (0x12B)
[0513/123953.744:ERROR:process_memory_win.cc(73)] ReadMemory at 0x1d2fd3ffc90 of 64 bytes failed: Only part of a ReadProcessMemory or WriteProcessMemory request was completed. (0x12B)
[0513/123953.744:ERROR:process_memory_win.cc(73)] ReadMemory at 0x1d2fd3ffd30 of 60 bytes failed: Only part of a ReadProcessMemory or WriteProcessMemory request was completed. (0x12B)
[0513/123953.744:ERROR:process_memory_win.cc(73)] ReadMemory at 0x1d2fd3ffd80 of 62 bytes failed: Only part of a ReadProcessMemory or WriteProcessMemory request was completed. (0x12B)
[0513/123953.744:ERROR:process_memory_win.cc(73)] ReadMemory at 0x1d2fd3ffdd0 of 62 bytes failed: Only part of a ReadProcessMemory or WriteProcessMemory request was completed. (0x12B)
[0513/123953.744:ERROR:process_memory_win.cc(73)] ReadMemory at 0x1d2fd3ffe70 of 64 bytes failed: Only part of a ReadProcessMemory or WriteProcessMemory request was completed. (0x12B)
[0513/123953.744:ERROR:process_memory_win.cc(73)] ReadMemory at 0x1d2fd3ffec0 of 62 bytes failed: Only part of a ReadProcessMemory or WriteProcessMemory request was completed. (0x12B)
[0513/123953.744:ERROR:process_memory_win.cc(73)] ReadMemory at 0x1d2fd3fff10 of 62 bytes failed: Only part of a ReadProcessMemory or WriteProcessMemory request was completed. (0x12B)
[0513/123953.744:ERROR:process_memory_win.cc(73)] ReadMemory at 0x1d2fd400320 of 512 bytes failed: Only part of a ReadProcessMemory or WriteProcessMemory request was completed. (0x12B)
[0513/123953.744:ERROR:process_memory_win.cc(73)] ReadMemory at 0x1d2fd4008a0 of 64 bytes failed: Only part of a ReadProcessMemory or WriteProcessMemory request was completed. (0x12B)
[0513/123953.744:ERROR:process_memory_win.cc(73)] ReadMemory at 0x1d2fd4008f0 of 62 bytes failed: Only part of a ReadProcessMemory or WriteProcessMemory request was completed. (0x12B)
[0513/123953.744:ERROR:process_memory_win.cc(73)] ReadMemory at 0x1d2fd400da0 of 64 bytes failed: Only part of a ReadProcessMemory or WriteProcessMemory request was completed. (0x12B)
[0513/123953.744:ERROR:process_memory_win.cc(73)] ReadMemory at 0x1d2fd400e40 of 62 bytes failed: Only part of a ReadProcessMemory or WriteProcessMemory request was completed. (0x12B)
[0513/123953.744:ERROR:process_memory_win.cc(73)] ReadMemory at 0x1d2fd401070 of 66 bytes failed: Only part of a ReadProcessMemory or WriteProcessMemory request was completed. (0x12B)
[0513/123953.744:ERROR:process_memory_win.cc(73)] ReadMemory at 0x1d2fd4010c0 of 60 bytes failed: Only part of a ReadProcessMemory or WriteProcessMemory request was completed. (0x12B)
[0513/123953.744:ERROR:process_memory_win.cc(73)] ReadMemory at 0x1d2fd4013e0 of 60 bytes failed: Only part of a ReadProcessMemory or WriteProcessMemory request was completed. (0x12B)
[0513/123953.744:ERROR:process_memory_win.cc(73)] ReadMemory at 0x1d2fd404080 of 54 bytes failed: Only part of a ReadProcessMemory or WriteProcessMemory request was completed. (0x12B)
[0513/123953.744:ERROR:process_memory_win.cc(73)] ReadMemory at 0x1d2fd4064c0 of 132 bytes failed: Only part of a ReadProcessMemory or WriteProcessMemory request was completed. (0x12B)
[0513/123953.744:ERROR:process_memory_win.cc(73)] ReadMemory at 0x1d2fd4065f0 of 132 bytes failed: Only part of a ReadProcessMemory or WriteProcessMemory request was completed. (0x12B)
[0513/123953.744:ERROR:process_memory_win.cc(73)] ReadMemory at 0x1d2fd406c90 of 132 bytes failed: Only part of a ReadProcessMemory or WriteProcessMemory request was completed. (0x12B)
[0513/123953.744:ERROR:process_memory_win.cc(73)] ReadMemory at 0x1d2fd406ff0 of 132 bytes failed: Only part of a ReadProcessMemory or WriteProcessMemory request was completed. (0x12B)
[0513/123953.744:ERROR:process_memory_win.cc(73)] ReadMemory at 0x1d2fd407a60 of 132 bytes failed: Only part of a ReadProcessMemory or WriteProcessMemory request was completed. (0x12B)
[0513/123953.744:ERROR:process_memory_win.cc(73)] ReadMemory at 0x1d2fd408d50 of 132 bytes failed: Only part of a ReadProcessMemory or WriteProcessMemory request was completed. (0x12B)
[0513/123953.744:ERROR:process_memory_win.cc(73)] ReadMemory at 0x1d2fd4095a0 of 132 bytes failed: Only part of a ReadProcessMemory or WriteProcessMemory request was completed. (0x12B)
[0513/123953.744:ERROR:process_memory_win.cc(73)] ReadMemory at 0x1d2fd409800 of 132 bytes failed: Only part of a ReadProcessMemory or WriteProcessMemory request was completed. (0x12B)
[0513/123953.744:ERROR:process_memory_win.cc(73)] ReadMemory at 0x1d2fd409930 of 132 bytes failed: Only part of a ReadProcessMemory or WriteProcessMemory request was completed. (0x12B)
[0513/123953.744:ERROR:process_memory_win.cc(73)] ReadMemory at 0x1d2fd409b90 of 132 bytes failed: Only part of a ReadProcessMemory or WriteProcessMemory request was completed. (0x12B)
[0513/123953.760:ERROR:process_memory_win.cc(73)] ReadMemory at 0x1d2fd409cc0 of 132 bytes failed: Only part of a ReadProcessMemory or WriteProcessMemory request was completed. (0x12B)
[0513/123953.760:ERROR:process_memory_win.cc(73)] ReadMemory at 0x1d2fd409df0 of 132 bytes failed: Only part of a ReadProcessMemory or WriteProcessMemory request was completed. (0x12B)
[0513/123953.760:ERROR:process_memory_win.cc(73)] ReadMemory at 0x1d2fd40a180 of 132 bytes failed: Only part of a ReadProcessMemory or WriteProcessMemory request was completed. (0x12B)
[0513/123953.760:ERROR:process_memory_win.cc(73)] ReadMemory at 0x1d2fd40ac30 of 132 bytes failed: Only part of a ReadProcessMemory or WriteProcessMemory request was completed. (0x12B)
[0513/123953.775:ERROR:process_memory_win.cc(73)] ReadMemory at 0x1d2fd40b0f0 of 132 bytes failed: Only part of a ReadProcessMemory or WriteProcessMemory request was completed. (0x12B)
[0513/123953.775:ERROR:process_memory_win.cc(73)] ReadMemory at 0x1d2fd40b220 of 132 bytes failed: Only part of a ReadProcessMemory or WriteProcessMemory request was completed. (0x12B)
[0513/123953.775:ERROR:process_memory_win.cc(73)] ReadMemory at 0x1d2fd40b6a0 of 512 bytes failed: Only part of a ReadProcessMemory or WriteProcessMemory request was completed. (0x12B)
[0513/123953.775:ERROR:process_memory_win.cc(73)] ReadMemory at 0x1d2fd40bc40 of 132 bytes failed: Only part of a ReadProcessMemory or WriteProcessMemory request was completed. (0x12B)
[0513/123953.775:ERROR:process_memory_win.cc(73)] ReadMemory at 0x1d2fd40bd70 of 132 bytes failed: Only part of a ReadProcessMemory or WriteProcessMemory request was completed. (0x12B)
[0513/123953.775:ERROR:process_memory_win.cc(73)] ReadMemory at 0x1d2fd40bea0 of 132 bytes failed: Only part of a ReadProcessMemory or WriteProcessMemory request was completed. (0x12B)
[0513/123953.775:ERROR:process_memory_win.cc(73)] ReadMemory at 0x1d2fd40bfd0 of 132 bytes failed: Only part of a ReadProcessMemory or WriteProcessMemory request was completed. (0x12B)
[0513/123953.775:ERROR:process_memory_win.cc(73)] ReadMemory at 0x1d2fd40c100 of 132 bytes failed: Only part of a ReadProcessMemory or WriteProcessMemory request was completed. (0x12B)
[0513/123953.775:ERROR:process_memory_win.cc(73)] ReadMemory at 0x1d2fd40c230 of 132 bytes failed: Only part of a ReadProcessMemory or WriteProcessMemory request was completed. (0x12B)
[0513/123953.775:ERROR:process_memory_win.cc(73)] ReadMemory at 0x1d2fd40c360 of 132 bytes failed: Only part of a ReadProcessMemory or WriteProcessMemory request was completed. (0x12B)
[0513/123953.775:ERROR:process_memory_win.cc(73)] ReadMemory at 0x1d2fd40c490 of 132 bytes failed: Only part of a ReadProcessMemory or WriteProcessMemory request was completed. (0x12B)
[0513/123953.775:ERROR:process_memory_win.cc(73)] ReadMemory at 0x1d2fd40c5c0 of 132 bytes failed: Only part of a ReadProcessMemory or WriteProcessMemory request was completed. (0x12B)
[0513/123953.775:ERROR:process_memory_win.cc(73)] ReadMemory at 0x1d2fd40c6f0 of 132 bytes failed: Only part of a ReadProcessMemory or WriteProcessMemory request was completed. (0x12B)
[0513/123953.775:ERROR:process_memory_win.cc(73)] ReadMemory at 0x1d2fd40c820 of 132 bytes failed: Only part of a ReadProcessMemory or WriteProcessMemory request was completed. (0x12B)
[0513/123953.775:ERROR:process_memory_win.cc(73)] ReadMemory at 0x1d2fd40c950 of 132 bytes failed: Only part of a ReadProcessMemory or WriteProcessMemory request was completed. (0x12B)
[0513/123953.775:ERROR:process_memory_win.cc(73)] ReadMemory at 0x1d2fd40eee0 of 76 bytes failed: Only part of a ReadProcessMemory or WriteProcessMemory request was completed. (0x12B)
[0513/123953.807:ERROR:process_memory_win.cc(73)] ReadMemory at 0x1d2fd40f480 of 80 bytes failed: Only part of a ReadProcessMemory or WriteProcessMemory request was completed. (0x12B)
[0513/123953.807:ERROR:process_memory_win.cc(73)] ReadMemory at 0x1d2fd425850 of 512 bytes failed: Only part of a ReadProcessMemory or WriteProcessMemory request was completed. (0x12B)
[0513/123953.807:ERROR:process_memory_win.cc(73)] ReadMemory at 0x208a87d426a8 of 512 bytes failed: Only part of a ReadProcessMemory or WriteProcessMemory request was completed. (0x12B)
[0513/123953.807:ERROR:process_memory_win.cc(73)] ReadMemory at 0x3417b198c340 of 512 bytes failed: Only part of a ReadProcessMemory or WriteProcessMemory request was completed. (0x12B)
[0513/123953.807:ERROR:process_memory_win.cc(73)] ReadMemory at 0x3417b198c700 of 512 bytes failed: Only part of a ReadProcessMemory or WriteProcessMemory request was completed. (0x12B)
[0513/123953.807:ERROR:process_memory_win.cc(73)] ReadMemory at 0x442708040305 of 512 bytes failed: Only part of a ReadProcessMemory or WriteProcessMemory request was completed. (0x12B)
[0513/123953.807:ERROR:process_memory_win.cc(73)] ReadMemory at 0x797e1df76510 of 512 bytes failed: Only part of a ReadProcessMemory or WriteProcessMemory request was completed. (0x12B)
[0513/123953.807:ERROR:process_memory_win.cc(73)] ReadMemory at 0x7ffe4783ba80 of 512 bytes failed: Only part of a ReadProcessMemory or WriteProcessMemory request was completed. (0x12B)
[0513/123953.807:ERROR:process_memory_win.cc(73)] ReadMemory at 0x7ffe49260ee0 of 512 bytes failed: Only part of a ReadProcessMemory or WriteProcessMemory request was completed. (0x12B)
[0513/123953.807:ERROR:process_memory_win.cc(73)] ReadMemory at 0x7ffe86a77a55 of 512 bytes failed: Only part of a ReadProcessMemory or WriteProcessMemory request was completed. (0x12B)
[0513/123953.807:ERROR:process_memory_win.cc(73)] ReadMemory at 0x7ffe86a78245 of 512 bytes failed: Only part of a ReadProcessMemory or WriteProcessMemory request was completed. (0x12B)
[0513/123953.807:ERROR:process_memory_win.cc(73)] ReadMemory at 0x7ffe946179f0 of 512 bytes failed: Only part of a ReadProcessMemory or WriteProcessMemory request was completed. (0x12B)
[0513/123953.807:ERROR:process_memory_win.cc(73)] ReadMemory at 0x7ffe946182e0 of 512 bytes failed: Only part of a ReadProcessMemory or WriteProcessMemory request was completed. (0x12B)
[0513/123953.807:ERROR:process_memory_win.cc(73)] ReadMemory at 0x7ffe9461a0d0 of 512 bytes failed: Only part of a ReadProcessMemory or WriteProcessMemory request was completed. (0x12B)
[0513/123953.807:ERROR:process_memory_win.cc(73)] ReadMemory at 0x7ffe9468a9a4 of 672 bytes failed: Only part of a ReadProcessMemory or WriteProcessMemory request was completed. (0x12B)
[0513/123953.876:ERROR:process_memory_win.cc(73)] ReadMemory at 0x7ffe9468e214 of 608 bytes failed: Only part of a ReadProcessMemory or WriteProcessMemory request was completed. (0x12B)
[0513/123953.876:ERROR:process_memory_win.cc(73)] ReadMemory at 0x7ffe947101e0 of 18 bytes failed: Only part of a ReadProcessMemory or WriteProcessMemory request was completed. (0x12B)
[0513/123953.876:ERROR:process_memory_win.cc(73)] ReadMemory at 0x7ffe947465b0 of 40 bytes failed: Only part of a ReadProcessMemory or WriteProcessMemory request was completed. (0x12B)
[0513/123953.876:ERROR:process_memory_win.cc(73)] ReadMemory at 0x7ffe94746a08 of 48 bytes failed: Only part of a ReadProcessMemory or WriteProcessMemory request was completed. (0x12B)
[0513/123953.876:ERROR:process_memory_win.cc(73)] ReadMemory at 0x7ffe9474c360 of 64 bytes failed: Only part of a ReadProcessMemory or WriteProcessMemory request was completed. (0x12B)
[0513/123953.923:ERROR:scoped_process_suspend.cc(40)] NtResumeProcess: An attempt was made to access an exiting process. (0xc000010a)
